c:\git repos\c++\interviews\forinterview\forinterview\debug\vc140.pdb
c:\git repos\c++\interviews\forinterview\forinterview\debug\vc140.idb
c:\git repos\c++\interviews\forinterview\forinterview\debug\countbitson.obj
c:\git repos\c++\interviews\forinterview\forinterview\debug\destructor.obj
c:\git repos\c++\interviews\forinterview\forinterview\debug\joinsortedarray.obj
c:\git repos\c++\interviews\forinterview\forinterview\debug\longestsequence.obj
c:\git repos\c++\interviews\forinterview\forinterview\debug\main.obj
c:\git repos\c++\interviews\forinterview\forinterview\debug\mult7withoutmultoradd.obj
c:\git repos\c++\interviews\forinterview\forinterview\debug\reversstr.obj
c:\git repos\c++\interviews\forinterview\forinterview\debug\singelton.obj
c:\git repos\c++\interviews\forinterview\forinterview\debug\swap.obj
c:\git repos\c++\interviews\forinterview\debug\forinterview.ilk
c:\git repos\c++\interviews\forinterview\debug\forinterview.exe
c:\git repos\c++\interviews\forinterview\debug\forinterview.pdb
c:\git repos\c++\interviews\forinterview\forinterview\debug\forinterview.tlog\cl.command.1.tlog
c:\git repos\c++\interviews\forinterview\forinterview\debug\forinterview.tlog\cl.read.1.tlog
c:\git repos\c++\interviews\forinterview\forinterview\debug\forinterview.tlog\cl.write.1.tlog
c:\git repos\c++\interviews\forinterview\forinterview\debug\forinterview.tlog\link.command.1.tlog
c:\git repos\c++\interviews\forinterview\forinterview\debug\forinterview.tlog\link.read.1.tlog
c:\git repos\c++\interviews\forinterview\forinterview\debug\forinterview.tlog\link.write.1.tlog
